J:\工作\LEAPMELODY V1.1\LEAPSAMPLE\DEBUG\LEAPSAMPLE.PCH
J:\工作\LEAPMELODY V1.1\LEAPSAMPLE\DEBUG\STDAFX.OBJ
J:\工作\LEAPMELODY V1.1\LEAPSAMPLE\DEBUG\VC110.PDB
J:\工作\LEAPMELODY V1.1\LEAPSAMPLE\DEBUG\CPIANOMELODY.OBJ
J:\工作\LEAPMELODY V1.1\LEAPSAMPLE\DEBUG\DISPLAYGL.OBJ
J:\工作\LEAPMELODY V1.1\LEAPSAMPLE\DEBUG\LEAPSAMPLE.OBJ
J:\工作\LEAPMELODY V1.1\LEAPSAMPLE\DEBUG\MUSICPLAYER.OBJ
J:\工作\LEAPMELODY V1.1\DEBUG\LEAPSAMPLE.ILK
J:\工作\LEAPMELODY V1.1\DEBUG\LEAPSAMPLE.EXE
J:\工作\LEAPMELODY V1.1\DEBUG\LEAPSAMPLE.PDB
J:\工作\LeapMelody v1.1\LeapSample\Debug\CPianoMelody.obj
J:\工作\LeapMelody v1.1\LeapSample\Debug\DisplayGL.obj
J:\工作\LeapMelody v1.1\LeapSample\Debug\LeapSample.obj
J:\工作\LeapMelody v1.1\LeapSample\Debug\MusicPlayer.obj
J:\工作\LeapMelody v1.1\LeapSample\Debug\stdafx.obj
J:\工作\LeapMelody v1.1\LeapSample\Debug\cl.command.1.tlog
J:\工作\LeapMelody v1.1\LeapSample\Debug\CL.read.1.tlog
J:\工作\LeapMelody v1.1\LeapSample\Debug\CL.write.1.tlog
J:\工作\LeapMelody v1.1\LeapSample\Debug\link-cvtres.read.1.tlog
J:\工作\LeapMelody v1.1\LeapSample\Debug\link-cvtres.write.1.tlog
J:\工作\LeapMelody v1.1\LeapSample\Debug\link-rc.read.1.tlog
J:\工作\LeapMelody v1.1\LeapSample\Debug\link-rc.write.1.tlog
J:\工作\LeapMelody v1.1\LeapSample\Debug\link.command.1.tlog
J:\工作\LeapMelody v1.1\LeapSample\Debug\link.read.1.tlog
J:\工作\LeapMelody v1.1\LeapSample\Debug\link.write.1.tlog
J:\工作\LeapMelody v1.1\LeapSample\Debug\LeapSample.pch
J:\工作\LeapMelody v1.1\LeapSample\Debug\vc110.idb
J:\工作\LeapMelody v1.1\LeapSample\Debug\vc110.pdb
J:\工作\LeapMelody v1.1\Debug\LeapSample.pdb
J:\工作\LeapMelody v1.1\Debug\LeapSample.exe
J:\工作\LeapMelody v1.1\Debug\LeapSample.ilk
