Build started 2014/3/24 18:47:24.
     1>Project "C:\Users\Zing\Desktop\LeapMelody v2.0zip\LeapMelody v1.1\LeapSample\LeapSample.vcxproj" on node 2 (Build target(s)).
     1>ClCompile:
         C:\Program Files (x86)\Microsoft Visual Studio 12.0\VC\bin\CL.exe /c /I"J:\工作\Leapmotionsdk\Cinder-LeapSdk-master\lib" /ZI /nologo /W3 /WX- /Od /Oy- /D WIN32 /D _DEBUG /D _CONSOLE /D _CRT_SECURE_NO_WARNINGS /D _MBCS /Gm /EHsc /RTC1 /MTd /GS /fp:precise /Zc:wchar_t /Zc:forScope /Yc"stdafx.h" /Fp"Debug\LeapSample.pch" /Fo"Debug\\" /Fd"Debug\vc120.pdb" /Gd /TP /analyze- /errorReport:prompt stdafx.cpp
         stdafx.cpp
         C:\Program Files (x86)\Microsoft Visual Studio 12.0\VC\bin\CL.exe /c /I"J:\工作\Leapmotionsdk\Cinder-LeapSdk-master\lib" /ZI /nologo /W3 /WX- /Od /Oy- /D WIN32 /D _DEBUG /D _CONSOLE /D _CRT_SECURE_NO_WARNINGS /D _MBCS /Gm /EHsc /RTC1 /MTd /GS /fp:precise /Zc:wchar_t /Zc:forScope /Yu"stdafx.h" /Fp"Debug\LeapSample.pch" /Fo"Debug\\" /Fd"Debug\vc120.pdb" /Gd /TP /analyze- /errorReport:prompt CPianoMelody.cpp DisplayGL.cpp LeapSample.cpp MusicPlayer.cpp
         MusicPlayer.cpp
         LeapSample.cpp
         DisplayGL.cpp
     1>c:\users\zing\desktop\leapmelody v2.0zip\leapmelody v1.1\leapsample\displaygl.cpp(119): warning C4018: '<' : signed/unsigned mismatch
         CPianoMelody.cpp
         Generating Code...
       Link:
         C:\Program Files (x86)\Microsoft Visual Studio 12.0\VC\bin\link.exe /ERRORREPORT:PROMPT /OUT:"C:\Users\Zing\Desktop\LeapMelody v2.0zip\LeapMelody v1.1\Debug\LeapSample.exe" /INCREMENTAL /NOLOGO winmm.lib Leapd.lib opengl32.lib Glut32.lib glu32.lib glui32.lib glew32.lib GLAUX.lib kernel32.lib user32.lib gdi32.lib winspool.lib comdlg32.lib advapi32.lib shell32.lib ole32.lib oleaut32.lib uuid.lib odbc32.lib odbccp32.lib /MANIFEST /MANIFESTUAC:"level='asInvoker' uiAccess='false'" /manifest:embed /DEBUG /PDB:"C:\Users\Zing\Desktop\LeapMelody v2.0zip\LeapMelody v1.1\Debug\LeapSample.pdb" /SUBSYSTEM:CONSOLE /TLBID:1 /DYNAMICBASE /NXCOMPAT /IMPLIB:"C:\Users\Zing\Desktop\LeapMelody v2.0zip\LeapMelody v1.1\Debug\LeapSample.lib" /MACHINE:X86 Debug\CPianoMelody.obj
         Debug\DisplayGL.obj
         Debug\LeapSample.obj
         Debug\MusicPlayer.obj
         Debug\stdafx.obj
         LeapSample.vcxproj -> C:\Users\Zing\Desktop\LeapMelody v2.0zip\LeapMelody v1.1\Debug\LeapSample.exe
     1>Done Building Project "C:\Users\Zing\Desktop\LeapMelody v2.0zip\LeapMelody v1.1\LeapSample\LeapSample.vcxproj" (Build target(s)).

Build succeeded.

Time Elapsed 00:00:05.96
