生成启动时间为 3/21/2014 5:29:49 PM。
     1>项目“J:\工作\LeapMelody v1.1\LeapSample\LeapSample.vcxproj”在节点 2 上(Build 个目标)。
     1>ClCompile:
         C:\Program Files (x86)\Microsoft Visual Studio 11.0\VC\bin\CL.exe /c /Zi /nologo /W3 /WX- /sdl /O2 /Oi /Oy- /GL /D WIN32 /D NDEBUG /D _CONSOLE /D _UNICODE /D UNICODE /Gm- /EHsc /MD /GS /Gy /fp:precise /Zc:wchar_t /Zc:forScope /Yu"stdafx.h" /Fp"Release\LeapSample.pch" /Fo"Release\\" /Fd"Release\vc110.pdb" /Gd /TP /analyze- /errorReport:prompt DisplayGL.cpp MusicPlayer.cpp
         DisplayGL.cpp
     1>DisplayGL.cpp(16): error C4996: 'fopen': This function or variable may be unsafe. Consider using fopen_s instead. To disable deprecation, use _CRT_SECURE_NO_WARNINGS. See online help for details.
                 C:\Program Files (x86)\Microsoft Visual Studio 11.0\VC\include\stdio.h(218) : 参见“fopen”的声明
     1>DisplayGL.cpp(21): error C2664: “auxDIBImageLoadW”: 不能将参数 1 从“char *”转换为“LPCWSTR”
                 与指向的类型无关；转换要求 reinterpret_cast、C 样式转换或函数样式转换
     1>DisplayGL.cpp(119): warning C4018: “<”: 有符号/无符号不匹配
         MusicPlayer.cpp
     1>MusicPlayer.cpp(28): error C2664: “mciSendStringW”: 不能将参数 1 从“const char *”转换为“LPCWSTR”
                 与指向的类型无关；转换要求 reinterpret_cast、C 样式转换或函数样式转换
     1>MusicPlayer.cpp(29): error C2664: “mciSendStringW”: 不能将参数 1 从“const char *”转换为“LPCWSTR”
                 与指向的类型无关；转换要求 reinterpret_cast、C 样式转换或函数样式转换
     1>MusicPlayer.cpp(95): error C2664: “mciSendStringW”: 不能将参数 1 从“const char *”转换为“LPCWSTR”
                 与指向的类型无关；转换要求 reinterpret_cast、C 样式转换或函数样式转换
     1>MusicPlayer.cpp(96): error C2664: “mciSendStringW”: 不能将参数 1 从“const char [31]”转换为“LPCWSTR”
                 与指向的类型无关；转换要求 reinterpret_cast、C 样式转换或函数样式转换
     1>MusicPlayer.cpp(103): error C2664: “mciSendStringW”: 不能将参数 1 从“const char *”转换为“LPCWSTR”
                 与指向的类型无关；转换要求 reinterpret_cast、C 样式转换或函数样式转换
     1>MusicPlayer.cpp(107): error C2664: “mciSendStringW”: 不能将参数 1 从“const char *”转换为“LPCWSTR”
                 与指向的类型无关；转换要求 reinterpret_cast、C 样式转换或函数样式转换
     1>MusicPlayer.cpp(112): error C2664: “mciSendStringW”: 不能将参数 1 从“const char *”转换为“LPCWSTR”
                 与指向的类型无关；转换要求 reinterpret_cast、C 样式转换或函数样式转换
     1>MusicPlayer.cpp(115): error C2664: “mciGetErrorStringW”: 不能将参数 2 从“char [50]”转换为“LPWSTR”
                 与指向的类型无关；转换要求 reinterpret_cast、C 样式转换或函数样式转换
     1>已完成生成项目“J:\工作\LeapMelody v1.1\LeapSample\LeapSample.vcxproj”(Build 个目标)的操作 - 失败。

生成失败。

已用时间 00:00:02.29
